<?xml version="1.0" encoding="UTF-8"?>
<testsuite xmlns:xsi="http://www.w3.org/2001/XMLSchema-instance" xsi:noNamespaceSchemaLocation="https://maven.apache.org/surefire/maven-surefire-plugin/xsd/surefire-test-report-3.0.xsd" version="3.0" name="GraphParserTest" time="1.785" tests="16" errors="0" skipped="0" failures="0">
  <properties>
    <property name="java.specification.version" value="20"/>
    <property name="sun.cpu.isalist" value="amd64"/>
    <property name="maven.user.extensions" value="C:\Users\jacob/.m2/extensions.xml"/>
    <property name="sun.jnu.encoding" value="Cp1252"/>
    <property name="sun.awt.enableExtraMouseButtons" value="true"/>
    <property name="java.class.path" value="C:\Users\jacob\IdeaProjects\CSE-464-2024-qnguye19\target\test-classes;C:\Users\jacob\IdeaProjects\CSE-464-2024-qnguye19\target\classes;C:\Users\jacob\.m2\repository\org\junit\jupiter\junit-jupiter-api\5.8.1\junit-jupiter-api-5.8.1.jar;C:\Users\jacob\.m2\repository\org\opentest4j\opentest4j\1.2.0\opentest4j-1.2.0.jar;C:\Users\jacob\.m2\repository\org\junit\platform\junit-platform-commons\1.8.1\junit-platform-commons-1.8.1.jar;C:\Users\jacob\.m2\repository\org\apiguardian\apiguardian-api\1.1.2\apiguardian-api-1.1.2.jar;C:\Users\jacob\.m2\repository\org\junit\jupiter\junit-jupiter-engine\5.8.1\junit-jupiter-engine-5.8.1.jar;C:\Users\jacob\.m2\repository\org\junit\platform\junit-platform-engine\1.8.1\junit-platform-engine-1.8.1.jar;C:\Users\jacob\.m2\repository\org\jgrapht\jgrapht-core\1.5.2\jgrapht-core-1.5.2.jar;C:\Users\jacob\.m2\repository\org\jheaps\jheaps\0.14\jheaps-0.14.jar;C:\Users\jacob\.m2\repository\org\apfloat\apfloat\1.10.1\apfloat-1.10.1.jar;C:\Users\jacob\.m2\repository\org\jgrapht\jgrapht-io\1.5.2\jgrapht-io-1.5.2.jar;C:\Users\jacob\.m2\repository\org\antlr\antlr4-runtime\4.12.0\antlr4-runtime-4.12.0.jar;C:\Users\jacob\.m2\repository\org\apache\commons\commons-text\1.10.0\commons-text-1.10.0.jar;C:\Users\jacob\.m2\repository\org\apache\commons\commons-lang3\3.12.0\commons-lang3-3.12.0.jar;C:\Users\jacob\.m2\repository\guru\nidi\graphviz-java\0.18.1\graphviz-java-0.18.1.jar;C:\Users\jacob\.m2\repository\org\webjars\npm\viz.js-graphviz-java\2.1.3\viz.js-graphviz-java-2.1.3.jar;C:\Users\jacob\.m2\repository\guru\nidi\com\kitfox\svgSalamander\1.1.3\svgSalamander-1.1.3.jar;C:\Users\jacob\.m2\repository\net\arnx\nashorn-promise\0.1.1\nashorn-promise-0.1.1.jar;C:\Users\jacob\.m2\repository\org\apache\commons\commons-exec\1.3\commons-exec-1.3.jar;C:\Users\jacob\.m2\repository\com\google\code\findbugs\jsr305\3.0.2\jsr305-3.0.2.jar;C:\Users\jacob\.m2\repository\org\slf4j\jcl-over-slf4j\1.7.30\jcl-over-slf4j-1.7.30.jar;C:\Users\jacob\.m2\repository\org\slf4j\jul-to-slf4j\1.7.30\jul-to-slf4j-1.7.30.jar;C:\Users\jacob\.m2\repository\org\slf4j\slf4j-api\1.7.30\slf4j-api-1.7.30.jar;C:\Users\jacob\.m2\repository\guru\nidi\com\eclipsesource\j2v8\j2v8_win32_x86_64\4.6.0\j2v8_win32_x86_64-4.6.0.jar;C:\Users\jacob\.m2\repository\org\slf4j\slf4j-simple\1.7.36\slf4j-simple-1.7.36.jar;"/>
    <property name="java.vm.vendor" value="Oracle Corporation"/>
    <property name="sun.arch.data.model" value="64"/>
    <property name="user.variant" value=""/>
    <property name="maven.user.toolchains" value="C:\Users\jacob/.m2/toolchains.xml"/>
    <property name="java.vendor.url" value="https://java.oracle.com/"/>
    <property name="user.timezone" value="America/Phoenix"/>
    <property name="java.vm.specification.version" value="20"/>
    <property name="os.name" value="Windows 11"/>
    <property name="maven.repo.central" value="https://repo.maven.apache.org/maven2"/>
    <property name="sun.java.launcher" value="SUN_STANDARD"/>
    <property name="user.country" value="US"/>
    <property name="session.topDirectory" value="C:\Users\jacob\IdeaProjects\CSE-464-2024-qnguye19"/>
    <property name="sun.boot.library.path" value="C:\Program Files\Java\jdk-20\bin"/>
    <property name="sun.java.command" value="C:\Users\jacob\AppData\Local\Temp\surefire7132294931083289185\surefirebooter-20241204083025318_3.jar C:\Users\jacob\AppData\Local\Temp\surefire7132294931083289185 2024-12-04T08-30-25_144-jvmRun1 surefire-20241204083025318_1tmp surefire_0-20241204083025318_2tmp"/>
    <property name="maven.project.settings" value="${session.rootDirectory}/.mvn/settings.xml"/>
    <property name="jdk.debug" value="release"/>
    <property name="surefire.test.class.path" value="C:\Users\jacob\IdeaProjects\CSE-464-2024-qnguye19\target\test-classes;C:\Users\jacob\IdeaProjects\CSE-464-2024-qnguye19\target\classes;C:\Users\jacob\.m2\repository\org\junit\jupiter\junit-jupiter-api\5.8.1\junit-jupiter-api-5.8.1.jar;C:\Users\jacob\.m2\repository\org\opentest4j\opentest4j\1.2.0\opentest4j-1.2.0.jar;C:\Users\jacob\.m2\repository\org\junit\platform\junit-platform-commons\1.8.1\junit-platform-commons-1.8.1.jar;C:\Users\jacob\.m2\repository\org\apiguardian\apiguardian-api\1.1.2\apiguardian-api-1.1.2.jar;C:\Users\jacob\.m2\repository\org\junit\jupiter\junit-jupiter-engine\5.8.1\junit-jupiter-engine-5.8.1.jar;C:\Users\jacob\.m2\repository\org\junit\platform\junit-platform-engine\1.8.1\junit-platform-engine-1.8.1.jar;C:\Users\jacob\.m2\repository\org\jgrapht\jgrapht-core\1.5.2\jgrapht-core-1.5.2.jar;C:\Users\jacob\.m2\repository\org\jheaps\jheaps\0.14\jheaps-0.14.jar;C:\Users\jacob\.m2\repository\org\apfloat\apfloat\1.10.1\apfloat-1.10.1.jar;C:\Users\jacob\.m2\repository\org\jgrapht\jgrapht-io\1.5.2\jgrapht-io-1.5.2.jar;C:\Users\jacob\.m2\repository\org\antlr\antlr4-runtime\4.12.0\antlr4-runtime-4.12.0.jar;C:\Users\jacob\.m2\repository\org\apache\commons\commons-text\1.10.0\commons-text-1.10.0.jar;C:\Users\jacob\.m2\repository\org\apache\commons\commons-lang3\3.12.0\commons-lang3-3.12.0.jar;C:\Users\jacob\.m2\repository\guru\nidi\graphviz-java\0.18.1\graphviz-java-0.18.1.jar;C:\Users\jacob\.m2\repository\org\webjars\npm\viz.js-graphviz-java\2.1.3\viz.js-graphviz-java-2.1.3.jar;C:\Users\jacob\.m2\repository\guru\nidi\com\kitfox\svgSalamander\1.1.3\svgSalamander-1.1.3.jar;C:\Users\jacob\.m2\repository\net\arnx\nashorn-promise\0.1.1\nashorn-promise-0.1.1.jar;C:\Users\jacob\.m2\repository\org\apache\commons\commons-exec\1.3\commons-exec-1.3.jar;C:\Users\jacob\.m2\repository\com\google\code\findbugs\jsr305\3.0.2\jsr305-3.0.2.jar;C:\Users\jacob\.m2\repository\org\slf4j\jcl-over-slf4j\1.7.30\jcl-over-slf4j-1.7.30.jar;C:\Users\jacob\.m2\repository\org\slf4j\jul-to-slf4j\1.7.30\jul-to-slf4j-1.7.30.jar;C:\Users\jacob\.m2\repository\org\slf4j\slf4j-api\1.7.30\slf4j-api-1.7.30.jar;C:\Users\jacob\.m2\repository\guru\nidi\com\eclipsesource\j2v8\j2v8_win32_x86_64\4.6.0\j2v8_win32_x86_64-4.6.0.jar;C:\Users\jacob\.m2\repository\org\slf4j\slf4j-simple\1.7.36\slf4j-simple-1.7.36.jar;"/>
    <property name="sun.cpu.endian" value="little"/>
    <property name="user.home" value="C:\Users\jacob"/>
    <property name="user.language" value="en"/>
    <property name="java.specification.vendor" value="Oracle Corporation"/>
    <property name="java.version.date" value="2023-07-18"/>
    <property name="java.home" value="C:\Program Files\Java\jdk-20"/>
    <property name="maven.user.conf" value="C:\Users\jacob/.m2"/>
    <property name="file.separator" value="\"/>
    <property name="basedir" value="C:\Users\jacob\IdeaProjects\CSE-464-2024-qnguye19"/>
    <property name="java.vm.compressedOopsMode" value="Zero based"/>
    <property name="line.separator" value="&#10;"/>
    <property name="java.vm.specification.vendor" value="Oracle Corporation"/>
    <property name="java.specification.name" value="Java Platform API Specification"/>
    <property name="java.awt.headless" value="true"/>
    <property name="maven.project.conf" value="${session.rootDirectory}/.mvn"/>
    <property name="surefire.real.class.path" value="C:\Users\jacob\AppData\Local\Temp\surefire7132294931083289185\surefirebooter-20241204083025318_3.jar"/>
    <property name="user.script" value=""/>
    <property name="sun.management.compiler" value="HotSpot 64-Bit Tiered Compilers"/>
    <property name="java.runtime.version" value="20.0.2+9-78"/>
    <property name="user.name" value="jacob"/>
    <property name="stdout.encoding" value="Cp1252"/>
    <property name="maven.installation.conf" value="C:\apache-maven-4.0.0-rc-1/conf"/>
    <property name="path.separator" value=";"/>
    <property name="os.version" value="10.0"/>
    <property name="java.runtime.name" value="Java(TM) SE Runtime Environment"/>
    <property name="file.encoding" value="UTF-8"/>
    <property name="maven.installation.toolchains" value="C:\apache-maven-4.0.0-rc-1/conf/toolchains.xml"/>
    <property name="java.vm.name" value="Java HotSpot(TM) 64-Bit Server VM"/>
    <property name="localRepository" value="C:\Users\jacob\.m2\repository"/>
    <property name="maven.project.extensions" value="${session.rootDirectory}/.mvn/extensions.xml"/>
    <property name="java.vendor.url.bug" value="https://bugreport.java.com/bugreport/"/>
    <property name="java.io.tmpdir" value="C:\Users\jacob\AppData\Local\Temp\"/>
    <property name="maven.installation.extensions" value="C:\apache-maven-4.0.0-rc-1/conf/extensions.xml"/>
    <property name="java.version" value="20.0.2"/>
    <property name="user.dir" value="C:\Users\jacob\IdeaProjects\CSE-464-2024-qnguye19"/>
    <property name="os.arch" value="amd64"/>
    <property name="java.vm.specification.name" value="Java Virtual Machine Specification"/>
    <property name="sun.os.patch.level" value=""/>
    <property name="native.encoding" value="Cp1252"/>
    <property name="java.library.path" value="C:\Program Files\Java\jdk-20\bin;C:\WINDOWS\Sun\Java\bin;C:\WINDOWS\system32;C:\WINDOWS;C:\Program Files\NVIDIA GPU Computing Toolkit\CUDA\v11.8\bin;C:\Program Files\NVIDIA GPU Computing Toolkit\CUDA\v11.8\libnvvp;C:\Program Files\Common Files\Oracle\Java\javapath;C:\Windows\system32;C:\Windows;C:\Windows\System32\Wbem;C:\Windows\System32\WindowsPowerShell\v1.0\;C:\Windows\System32\OpenSSH\;C:\Program Files (x86)\NVIDIA Corporation\PhysX\Common;C:\WINDOWS\system32;C:\WINDOWS;C:\WINDOWS\System32\Wbem;C:\WINDOWS\System32\WindowsPowerShell\v1.0\;C:\WINDOWS\System32\OpenSSH\;C:\Program Files\dotnet\;C:\Program Files\PuTTY\;C:\Program Files\Git\cmd;C:\WINDOWS\system32;C:\WINDOWS;C:\WINDOWS\System32\Wbem;C:\WINDOWS\System32\WindowsPowerShell\v1.0\;C:\WINDOWS\System32\OpenSSH\;C:\Users\jacob\AppData\Roaming\nvm;C:\Program Files\nodejs;C:\Users\jacob\AppData\Local\Programs\Python\Python310\Scripts;C:\Program Files\NVIDIA Corporation\NVIDIA NvDLISR;C:\Program Files\MATLAB\R2024a\bin;C:\Program Files\Microsoft SQL Server\150\Tools\Binn\;C:\Program Files\Microsoft SQL Server\Client SDK\ODBC\170\Tools\Binn\;C:\Program Files\Graphviz\bin;C:\Program Files\Java\jdk-23.0.1\bin;C:\apache-maven-4.0.0-rc-1\bin;C:\Users\jacob\AppData\Local\Programs\Python\Python310\Scripts\;C:\Users\jacob\AppData\Local\Programs\Python\Python310\;C:\Program Files\Common Files\Oracle\Java\javapath;C:\Program Files (x86)\Common Files\Oracle\Java\javapath;C:\Windows\system32;C:\Windows;C:\Windows\System32\Wbem;C:\Windows\System32\WindowsPowerShell\v1.0\;C:\Windows\System32\OpenSSH\;C:\Program Files (x86)\NVIDIA Corporation\PhysX\Common;C:\Program Files\NVIDIA Corporation\NVIDIA NvDLISR;C:\Python34\Scripts;C:\Users\jacob\AppData\Local\Microsoft\WindowsApps;C:\Program Files\JetBrains\IntelliJ IDEA 2021.3.1\bin;C:\Users\jacob\AppData\Local\Programs\Microsoft VS Code\bin;C:\Python39\Scripts;C:\Users\jacob\AppData\Roaming\npm;C:\Users\jacob\AppData\Local\Microsoft\WindowsApps;C:\msys64\mingw64\bin;C:\Users\jacob\.dotnet\tools;C:\Users\jacob\AppData\Local\GitHubDesktop\bin;C:\iverilog\bin;C:\iverilog\gtkwave\bin;C:\Users\jacob\AppData\Roaming\nvm;C:\Program Files\nodejs;C:\Users\jacob\AppData\Local\Programs\MiKTeX\miktex\bin\x64\;."/>
    <property name="java.vm.info" value="mixed mode, sharing"/>
    <property name="stderr.encoding" value="Cp1252"/>
    <property name="java.vendor" value="Oracle Corporation"/>
    <property name="java.vm.version" value="20.0.2+9-78"/>
    <property name="maven.installation.settings" value="C:\apache-maven-4.0.0-rc-1/conf/settings.xml"/>
    <property name="sun.io.unicode.encoding" value="UnicodeLittle"/>
    <property name="maven.user.settings" value="C:\Users\jacob/.m2/settings.xml"/>
    <property name="java.class.version" value="64.0"/>
  </properties>
  <testcase name="testParseGraph" classname="GraphParserTest" time="0.64">
    <system-out><![CDATA[Number of Nodes: 4
Nodes: [a, b, c, d]
Number of Edges: 3
a -> b
b -> c
c -> d
]]></system-out>
  </testcase>
  <testcase name="testOutputDOTGraph" classname="GraphParserTest" time="0.014">
    <system-out><![CDATA[Node added: A
Node added: B
Edge added: A -> B
Graph exported to DOT file: C:\Users\jacob\AppData\Local\Temp\junit17695828716380405964\output.dot
]]></system-out>
  </testcase>
  <testcase name="testAddEdge" classname="GraphParserTest" time="0.004">
    <system-out><![CDATA[Node added: A
Node added: B
Edge added: A -> B
]]></system-out>
  </testcase>
  <testcase name="testAddNode" classname="GraphParserTest" time="0.005">
    <system-out><![CDATA[Node added: A
Node added: B
Node A already exists!
]]></system-out>
  </testcase>
  <testcase name="testGraphSearchNonExistentNode" classname="GraphParserTest" time="0.003">
    <system-out><![CDATA[Node added: A
Node added: B
One or both nodes not present in the graph.
]]></system-out>
  </testcase>
  <testcase name="testGraphSearchSingleNodePath" classname="GraphParserTest" time="0.003">
    <system-out><![CDATA[Node added: A
]]></system-out>
  </testcase>
  <testcase name="testRemoveNodes" classname="GraphParserTest" time="0.002">
    <system-out><![CDATA[Node added: A
Node added: B
Node added: C
Node removed: A
Node removed: C
]]></system-out>
  </testcase>
  <testcase name="testGraphSearchDFS_NoPath" classname="GraphParserTest" time="0.002">
    <system-out><![CDATA[Node added: A
Node added: B
Node added: C
Edge added: A -> B
]]></system-out>
  </testcase>
  <testcase name="testRemoveEdge" classname="GraphParserTest" time="0.002">
    <system-out><![CDATA[Node added: A
Node added: B
Edge added: A -> B
Edge removed: A -> B
]]></system-out>
  </testcase>
  <testcase name="testRemoveNode" classname="GraphParserTest" time="0.002">
    <system-out><![CDATA[Node added: A
Node added: B
Node removed: A
]]></system-out>
  </testcase>
  <testcase name="testOutputGraphics" classname="GraphParserTest" time="1.068">
    <system-out><![CDATA[Node added: A
Node added: B
Edge added: A -> B
Graph exported to graphics file: C:\Users\jacob\AppData\Local\Temp\junit10340739228526149527\output.png
]]></system-out>
    <system-err><![CDATA[[main] INFO guru.nidi.graphviz.engine.GraphvizCmdLineEngine - input  file:///C:/Users/jacob/AppData/Local/Temp/GraphvizJava/DotEngine3895955809016445099/dotfile.dot
[main] INFO guru.nidi.graphviz.service.CommandLineExecutor - executing command [cmd, /C, dot.exe -Kdot -Tsvg  C:\Users\jacob\AppData\Local\Temp\GraphvizJava\DotEngine3895955809016445099\dotfile.dot -ooutfile.svg]
[main] INFO guru.nidi.graphviz.engine.GraphvizCmdLineEngine - output file:///C:/Users/jacob/AppData/Local/Temp/GraphvizJava/DotEngine3895955809016445099/outfile.svg
]]></system-err>
  </testcase>
  <testcase name="testRemoveNonExistentEdge" classname="GraphParserTest" time="0.003">
    <system-out><![CDATA[Node added: A
Node added: B
]]></system-out>
  </testcase>
  <testcase name="testRemoveNonExistentNode" classname="GraphParserTest" time="0.002"/>
  <testcase name="testGraphSearchNoPathExists" classname="GraphParserTest" time="0.002">
    <system-out><![CDATA[Node added: A
Node added: B
Node added: C
Edge added: A -> B
]]></system-out>
  </testcase>
  <testcase name="testGraphSearchDFS_PathExists" classname="GraphParserTest" time="0.002">
    <system-out><![CDATA[Node added: A
Node added: B
Node added: C
Edge added: A -> B
Edge added: B -> C
]]></system-out>
  </testcase>
  <testcase name="testGraphSearchPathExists" classname="GraphParserTest" time="0.002">
    <system-out><![CDATA[Node added: A
Node added: B
Node added: C
Edge added: A -> B
Edge added: B -> C
]]></system-out>
  </testcase>
</testsuite>